<?xml version="1.0" encoding="UTF-8"?>
<!-- Generated by org.testng.reporters.JUnitXMLReporter -->
<testsuite hostname="W470-142" ignored="0" name="Upgrade Test Cases" tests="20" failures="0" timestamp="09 Oct 2021 03:24:38 GMT" time="92.721" errors="0">
  <testcase name="endToEndQaChallengeTest" time="27.499" classname="com.upgrade.uitests.EndToEndAccountValidationTest"/>
  <testcase name="basicInfoCoJoinTest" time="4.806" classname="com.upgrade.uitests.BasicInfoCoJoinTest"/>
  <testcase name="basicInfoTest" time="4.788" classname="com.upgrade.uitests.BasicInfoIndividualTest"/>
  <testcase name="checkRateTest" time="0.76" classname="com.upgrade.uitests.CheckRatePageInvalidLoanAmtTest"/>
  <testcase name="checkRateTest" time="0.366" classname="com.upgrade.uitests.CheckRatePageInvalidLoanAmtTest"/>
  <testcase name="checkRateTest" time="0.454" classname="com.upgrade.uitests.CheckRatePageInvalidLoanAmtTest"/>
  <testcase name="checkRateTest" time="0.355" classname="com.upgrade.uitests.CheckRatePageInvalidLoanAmtTest"/>
  <testcase name="checkRateTest" time="0.365" classname="com.upgrade.uitests.CheckRatePageInvalidLoanAmtTest"/>
  <testcase name="checkRateTest" time="0.372" classname="com.upgrade.uitests.CheckRatePageInvalidLoanAmtTest"/>
  <testcase name="checkRateTest" time="1.866" classname="com.upgrade.uitests.CheckRatePagevalidLoanAmtTest"/>
  <testcase name="checkRateTest" time="1.811" classname="com.upgrade.uitests.CheckRatePagevalidLoanAmtTest"/>
  <testcase name="checkRateTest" time="1.518" classname="com.upgrade.uitests.CheckRatePagevalidLoanAmtTest"/>
  <testcase name="checkRateTest" time="1.071" classname="com.upgrade.uitests.CheckRatePagevalidLoanAmtTest"/>
  <testcase name="checkRateTest" time="1.133" classname="com.upgrade.uitests.CheckRatePagevalidLoanAmtTest"/>
  <testcase name="checkRateTest" time="1.183" classname="com.upgrade.uitests.CheckRatePagevalidLoanAmtTest"/>
  <testcase name="upgradeAPIWithInValidLoanAppIdTest" time="3.389" classname="com.upgrade.apitest.UpgradeApiTest"/>
  <testcase name="upgradeAPIWithInvalidHeadersTest" time="0.436" classname="com.upgrade.apitest.UpgradeApiTest"/>
  <testcase name="upgradeAPIWithInvalidMethodTest" time="0.361" classname="com.upgrade.apitest.UpgradeApiTest"/>
  <testcase name="upgradeAPIWithNoPayLoadTest" time="0.368" classname="com.upgrade.apitest.UpgradeApiTest"/>
  <testcase name="upgradeAPIWithValidLoanAppIdTest" time="0.973" classname="com.upgrade.apitest.UpgradeApiTest"/>
</testsuite> <!-- Upgrade Test Cases -->
